Using pre-set license
Built from '2021.3/staging' branch; Version is '2021.3.19f1 (c9714fde33b6) revision 13201743'; Using compiler version '192829333'; Build Type 'Release'
OS: 'Windows 11  (10.0.22621) 64bit Core' Language: 'en' Physical Memory: 15771 MB
BatchMode: 1, IsHumanControllingUs: 0, StartBugReporterOnCrash: 0, Is64bit: 1, IsPro: 1

COMMAND LINE ARGUMENTS:
C:\Program Files\Unity\Hub\Editor\2021.3.19f1\Editor\Unity.exe
-adb2
-batchMode
-noUpm
-name
AssetImportWorker2
-projectPath
C:/Users/ABola/Documents/GitHub/Minesweeper-Picross
-logFile
Logs/AssetImportWorker2.log
-srvPort
58561
Successfully changed project path to: C:/Users/ABola/Documents/GitHub/Minesweeper-Picross
C:/Users/ABola/Documents/GitHub/Minesweeper-Picross
[UnityMemory] Configuration Parameters - Can be set up in boot.config
    "memorysetup-bucket-allocator-granularity=16"
    "memorysetup-bucket-allocator-bucket-count=8"
    "memorysetup-bucket-allocator-block-size=33554432"
    "memorysetup-bucket-allocator-block-count=8"
    "memorysetup-main-allocator-block-size=16777216"
    "memorysetup-thread-allocator-block-size=16777216"
    "memorysetup-gfx-main-allocator-block-size=16777216"
    "memorysetup-gfx-thread-allocator-block-size=16777216"
    "memorysetup-cache-allocator-block-size=4194304"
    "memorysetup-typetree-allocator-block-size=2097152"
    "memorysetup-profiler-bucket-allocator-granularity=16"
    "memorysetup-profiler-bucket-allocator-bucket-count=8"
    "memorysetup-profiler-bucket-allocator-block-size=33554432"
    "memorysetup-profiler-bucket-allocator-block-count=8"
    "memorysetup-profiler-allocator-block-size=16777216"
    "memorysetup-profiler-editor-allocator-block-size=1048576"
    "memorysetup-temp-allocator-size-main=16777216"
    "memorysetup-job-temp-allocator-block-size=2097152"
    "memorysetup-job-temp-allocator-block-size-background=1048576"
    "memorysetup-job-temp-allocator-reduction-small-platforms=262144"
    "memorysetup-temp-allocator-size-background-worker=32768"
    "memorysetup-temp-allocator-size-job-worker=262144"
    "memorysetup-temp-allocator-size-preload-manager=33554432"
    "memorysetup-temp-allocator-size-nav-mesh-worker=65536"
    "memorysetup-temp-allocator-size-audio-worker=65536"
    "memorysetup-temp-allocator-size-cloud-worker=32768"
    "memorysetup-temp-allocator-size-gi-baking-worker=262144"
    "memorysetup-temp-allocator-size-gfx=262144"
Player connection [28816] Host "[IP] 192.168.1.110 [Port] 0 [Flags] 2 [Guid] 2862057336 [EditorId] 2862057336 [Version] 1048832 [Id] WindowsEditor(7,Mikun) [Debug] 1 [PackageName] WindowsEditor [ProjectName] Editor" joined multi-casting on [225.0.0.222:54997]...

Player connection [28816] Host "[IP] 192.168.1.110 [Port] 0 [Flags] 2 [Guid] 2862057336 [EditorId] 2862057336 [Version] 1048832 [Id] WindowsEditor(7,Mikun) [Debug] 1 [PackageName] WindowsEditor [ProjectName] Editor" joined alternative multi-casting on [225.0.0.222:34997]...

Refreshing native plugins compatible for Editor in 245.20 ms, found 4 plugins.
Preloading 0 native plugins for Editor in 0.00 ms.
Initialize engine version: 2021.3.19f1 (c9714fde33b6)
[Subsystems] Discovering subsystems at path C:/Program Files/Unity/Hub/Editor/2021.3.19f1/Editor/Data/Resources/UnitySubsystems
[Subsystems] Discovering subsystems at path C:/Users/ABola/Documents/GitHub/Minesweeper-Picross/Assets
GfxDevice: creating device client; threaded=0; jobified=0
Direct3D:
    Version:  Direct3D 11.0 [level 11.1]
    Renderer: AMD Radeon(TM) Graphics (ID=0x1638)
    Vendor:   ATI
    VRAM:     7885 MB
    Driver:   30.0.13026.3
Initialize mono
Mono path[0] = 'C:/Program Files/Unity/Hub/Editor/2021.3.19f1/Editor/Data/Managed'
Mono path[1] = 'C:/Program Files/Unity/Hub/Editor/2021.3.19f1/Editor/Data/MonoBleedingEdge/lib/mono/unityjit-win32'
Mono config path = 'C:/Program Files/Unity/Hub/Editor/2021.3.19f1/Editor/Data/MonoBleedingEdge/etc'
Using monoOptions --debugger-agent=transport=dt_socket,embedding=1,server=y,suspend=n,address=127.0.0.1:56812
Begin MonoManager ReloadAssembly
Registering precompiled unity dll's ...
Register platform support module: C:/Program Files/Unity/Hub/Editor/2021.3.19f1/Editor/Data/PlaybackEngines/WebGLSupport/UnityEditor.WebGL.Extensions.dll
Register platform support module: C:/Program Files/Unity/Hub/Editor/2021.3.19f1/Editor/Data/PlaybackEngines/WindowsStandaloneSupport/UnityEditor.WindowsStandalone.Extensions.dll
Registered in 0.032390 seconds.
Native extension for WindowsStandalone target not found
Native extension for WebGL target not found
Refreshing native plugins compatible for Editor in 183.28 ms, found 4 plugins.
Preloading 0 native plugins for Editor in 0.00 ms.
Mono: successfully reloaded assembly
- Completed reload, in  1.847 seconds
Domain Reload Profiling:
	ReloadAssembly (1848ms)
		BeginReloadAssembly (344ms)
			ExecutionOrderSort (0ms)
			DisableScriptedObjects (0ms)
			BackupInstance (0ms)
			ReleaseScriptingObjects (0ms)
			CreateAndSetChildDomain (2ms)
		EndReloadAssembly (1198ms)
			LoadAssemblies (340ms)
			RebuildTransferFunctionScriptingTraits (0ms)
			SetupTypeCache (266ms)
			ReleaseScriptCaches (0ms)
			RebuildScriptCaches (57ms)
			SetupLoadedEditorAssemblies (726ms)
				LogAssemblyErrors (0ms)
				InitializePlatformSupportModulesInManaged (27ms)
				SetLoadedEditorAssemblies (1ms)
				RefreshPlugins (184ms)
				BeforeProcessingInitializeOnLoad (3ms)
				ProcessInitializeOnLoadAttributes (378ms)
				ProcessInitializeOnLoadMethodAttributes (134ms)
				AfterProcessingInitializeOnLoad (0ms)
				EditorAssembliesLoaded (0ms)
			ExecutionOrderSort2 (0ms)
			AwakeInstancesAfterBackupRestoration (0ms)
Platform modules already initialized, skipping
Registering precompiled user dll's ...
Registered in 0.072699 seconds.
Begin MonoManager ReloadAssembly
Symbol file LoadedFromMemory doesn't match image C:\Users\ABola\Documents\GitHub\Minesweeper-Picross\Library\PackageCache\com.unity.visualscripting@1.8.0\Editor\VisualScripting.Core\Dependencies\YamlDotNet\Unity.VisualScripting.YamlDotNet.dll
Symbol file LoadedFromMemory doesn't match image C:\Users\ABola\Documents\GitHub\Minesweeper-Picross\Library\PackageCache\com.unity.visualscripting@1.8.0\Editor\VisualScripting.Core\Dependencies\DotNetZip\Unity.VisualScripting.IonicZip.dll
Native extension for WindowsStandalone target not found
Native extension for WebGL target not found
Refreshing native plugins compatible for Editor in 200.53 ms, found 4 plugins.
Preloading 0 native plugins for Editor in 0.00 ms.
Mono: successfully reloaded assembly
- Completed reload, in  3.168 seconds
Domain Reload Profiling:
	ReloadAssembly (3170ms)
		BeginReloadAssembly (422ms)
			ExecutionOrderSort (0ms)
			DisableScriptedObjects (16ms)
			BackupInstance (0ms)
			ReleaseScriptingObjects (0ms)
			CreateAndSetChildDomain (51ms)
		EndReloadAssembly (2407ms)
			LoadAssemblies (501ms)
			RebuildTransferFunctionScriptingTraits (0ms)
			SetupTypeCache (595ms)
			ReleaseScriptCaches (1ms)
			RebuildScriptCaches (140ms)
			SetupLoadedEditorAssemblies (1164ms)
				LogAssemblyErrors (0ms)
				InitializePlatformSupportModulesInManaged (18ms)
				SetLoadedEditorAssemblies (1ms)
				RefreshPlugins (201ms)
				BeforeProcessingInitializeOnLoad (230ms)
				ProcessInitializeOnLoadAttributes (580ms)
				ProcessInitializeOnLoadMethodAttributes (105ms)
				AfterProcessingInitializeOnLoad (28ms)
				EditorAssembliesLoaded (0ms)
			ExecutionOrderSort2 (0ms)
			AwakeInstancesAfterBackupRestoration (26ms)
Platform modules already initialized, skipping
========================================================================
Worker process is ready to serve import requests
Launched and connected shader compiler UnityShaderCompiler.exe after 0.23 seconds
Refreshing native plugins compatible for Editor in 1.65 ms, found 4 plugins.
Preloading 0 native plugins for Editor in 0.00 ms.
Unloading 3738 Unused Serialized files (Serialized files now loaded: 0)
Unloading 35 unused Assets / (56.0 KB). Loaded Objects now: 4197.
Memory consumption went from 142.6 MB to 142.6 MB.
Total: 8.914300 ms (FindLiveObjects: 0.839100 ms CreateObjectMapping: 0.363500 ms MarkObjects: 7.527700 ms  DeleteObjects: 0.182100 ms)

AssetImportParameters requested are different than current active one (requested -> active):
  custom:video-decoder-ogg-theora: a1e56fd34408186e4bbccfd4996cb3dc -> 
  custom:container-muxer-webm: aa71ff27fc2769a1b78a27578f13a17b -> 
  custom:container-demuxer-webm: 4f35f7cbe854078d1ac9338744f61a02 -> 
  custom:video-encoder-webm-vp8: eb34c28f22e8b96e1ab97ce403110664 -> 
  custom:audio-encoder-webm-vorbis: bf7c407c2cedff20999df2af8eb42d56 -> 
  custom:framework-win-MediaFoundation: 216162199b28c13a410421893ffa2e32 -> 
  custom:container-demuxer-ogg: 62fdf1f143b41e24485cea50d1cbac27 -> 
  custom:video-decoder-webm-vp8: 9c59270c3fd7afecdb556c50c9e8de78 -> 
  custom:audio-decoder-ogg-vorbis: bf7c407c2cedff20999df2af8eb42d56 -> 
========================================================================
Received Import Request.
  Time since last request: 771608.700497 seconds.
  path: Assets/Tiles/c4.asset
  artifactKey: Guid(3a35d48528f2fc54bafd40a809a89548) Importer(815301076,1909f56bfc062723c751e8b465ee728b)
Start importing Assets/Tiles/c4.asset using Guid(3a35d48528f2fc54bafd40a809a89548) Importer(815301076,1909f56bfc062723c751e8b465ee728b)  -> (artifact id: '44d9cd42aec89ee9289d57f1e2281527') in 0.263061 seconds 
========================================================================
Received Import Request.
  Time since last request: 0.000058 seconds.
  path: Assets/Tiles/c2.asset
  artifactKey: Guid(b5c7e2773becfb5489a529984c96efaa) Importer(815301076,1909f56bfc062723c751e8b465ee728b)
Start importing Assets/Tiles/c2.asset using Guid(b5c7e2773becfb5489a529984c96efaa) Importer(815301076,1909f56bfc062723c751e8b465ee728b)  -> (artifact id: '7e5ac05bcecfa80c69f8286b20f1ece2') in 0.038457 seconds 
========================================================================
Received Import Request.
  Time since last request: 0.000054 seconds.
  path: Assets/Sprites/c3.bmp
  artifactKey: Guid(fa70d74a6e474d3488d0002a8013adc0) Importer(815301076,1909f56bfc062723c751e8b465ee728b)
Start importing Assets/Sprites/c3.bmp using Guid(fa70d74a6e474d3488d0002a8013adc0) Importer(815301076,1909f56bfc062723c751e8b465ee728b)  -> (artifact id: '0f3fd45e64979b2a99880fa81509058d') in 0.164678 seconds 
========================================================================
Received Import Request.
  Time since last request: 0.000057 seconds.
  path: Assets/Tiles/7.asset
  artifactKey: Guid(5b033ea5a3f1bda429c4b3b0dfd83b98) Importer(815301076,1909f56bfc062723c751e8b465ee728b)
Start importing Assets/Tiles/7.asset using Guid(5b033ea5a3f1bda429c4b3b0dfd83b98) Importer(815301076,1909f56bfc062723c751e8b465ee728b)  -> (artifact id: '26b19452489d05c4ef47c839ea6c2531') in 0.037288 seconds 
========================================================================
Received Import Request.
  Time since last request: 0.000068 seconds.
  path: Assets/Tiles/1.asset
  artifactKey: Guid(6375b5ba025714f47b0e840d24eeb690) Importer(815301076,1909f56bfc062723c751e8b465ee728b)
Start importing Assets/Tiles/1.asset using Guid(6375b5ba025714f47b0e840d24eeb690) Importer(815301076,1909f56bfc062723c751e8b465ee728b)  -> (artifact id: '15b7863bac867cdc24b3798d308e25b4') in 0.039377 seconds 
========================================================================
Received Import Request.
  Time since last request: 0.000046 seconds.
  path: Assets/Tiles/10.asset
  artifactKey: Guid(875c3c59f6494e6478d3ae2158c7e2ae) Importer(815301076,1909f56bfc062723c751e8b465ee728b)
Start importing Assets/Tiles/10.asset using Guid(875c3c59f6494e6478d3ae2158c7e2ae) Importer(815301076,1909f56bfc062723c751e8b465ee728b)  -> (artifact id: 'bf9c3d892d8404f3f4d33714b23b3744') in 0.038190 seconds 
========================================================================
Received Import Request.
  Time since last request: 0.000034 seconds.
  path: Assets/Tiles/c3.asset
  artifactKey: Guid(e8f132b7d086e75499c2b760b942781d) Importer(815301076,1909f56bfc062723c751e8b465ee728b)
Start importing Assets/Tiles/c3.asset using Guid(e8f132b7d086e75499c2b760b942781d) Importer(815301076,1909f56bfc062723c751e8b465ee728b)  -> (artifact id: '518269cbf27532d57656038e920e64f1') in 0.040000 seconds 
========================================================================
Received Import Request.
  Time since last request: 0.000043 seconds.
  path: Assets/Sprites/2.bmp
  artifactKey: Guid(1eb099c67acda054d8dcddd04e14c2c5) Importer(815301076,1909f56bfc062723c751e8b465ee728b)
Start importing Assets/Sprites/2.bmp using Guid(1eb099c67acda054d8dcddd04e14c2c5) Importer(815301076,1909f56bfc062723c751e8b465ee728b)  -> (artifact id: '2ebf3fc679e92f0bb2435c16d6093407') in 0.042900 seconds 
========================================================================
Received Import Request.
  Time since last request: 0.000056 seconds.
  path: Packages/com.unity.2d.spriteshape/Editor/ObjectMenuCreation/DefaultAssets/Sprite Shapes/Open Sprite Shape.prefab
  artifactKey: Guid(86ae7de409eb54f619fb1328e4d42480) Importer(815301076,1909f56bfc062723c751e8b465ee728b)
Start importing Packages/com.unity.2d.spriteshape/Editor/ObjectMenuCreation/DefaultAssets/Sprite Shapes/Open Sprite Shape.prefab using Guid(86ae7de409eb54f619fb1328e4d42480) Importer(815301076,1909f56bfc062723c751e8b465ee728b)  -> (artifact id: '76d042c6e8761a983bc284bf57c60984') in 0.119451 seconds 
========================================================================
Received Import Request.
  Time since last request: 0.000044 seconds.
  path: Assets/Sprites/10.bmp
  artifactKey: Guid(c90828e6b4e606f428c1938dbc668174) Importer(815301076,1909f56bfc062723c751e8b465ee728b)
Start importing Assets/Sprites/10.bmp using Guid(c90828e6b4e606f428c1938dbc668174) Importer(815301076,1909f56bfc062723c751e8b465ee728b)  -> (artifact id: 'd6b150d1b7b4e7bf7c3b0688770fba23') in 0.043402 seconds 
========================================================================
Received Import Request.
  Time since last request: 0.000043 seconds.
  path: Assets/Tiles/cempty.asset
  artifactKey: Guid(dd61825cc7ee09d4b8b2c963012a5035) Importer(815301076,1909f56bfc062723c751e8b465ee728b)
Start importing Assets/Tiles/cempty.asset using Guid(dd61825cc7ee09d4b8b2c963012a5035) Importer(815301076,1909f56bfc062723c751e8b465ee728b)  -> (artifact id: '95dc61e92e0cb4e3f5039983f4ac8bd2') in 0.037012 seconds 
========================================================================
Received Import Request.
  Time since last request: 0.000028 seconds.
  path: Assets/Sprites/16.bmp
  artifactKey: Guid(59849d4e743072d40af4ff0a38007cfd) Importer(815301076,1909f56bfc062723c751e8b465ee728b)
Start importing Assets/Sprites/16.bmp using Guid(59849d4e743072d40af4ff0a38007cfd) Importer(815301076,1909f56bfc062723c751e8b465ee728b)  -> (artifact id: '1771b0efb2fb8794163e811739cf9ea0') in 0.042190 seconds 
========================================================================
Received Import Request.
  Time since last request: 0.000038 seconds.
  path: Assets/Sprites/c1.bmp
  artifactKey: Guid(2e19c5fa7c9f8444b9bf0ff268a1fd91) Importer(815301076,1909f56bfc062723c751e8b465ee728b)
Start importing Assets/Sprites/c1.bmp using Guid(2e19c5fa7c9f8444b9bf0ff268a1fd91) Importer(815301076,1909f56bfc062723c751e8b465ee728b)  -> (artifact id: '0b6f0f93372ce44570e3096d2b85a063') in 0.043732 seconds 
========================================================================
Received Import Request.
  Time since last request: 0.000032 seconds.
  path: Assets/Tiles/3.asset
  artifactKey: Guid(c4639b22aa10edd4298f09af649c060f) Importer(815301076,1909f56bfc062723c751e8b465ee728b)
Start importing Assets/Tiles/3.asset using Guid(c4639b22aa10edd4298f09af649c060f) Importer(815301076,1909f56bfc062723c751e8b465ee728b)  -> (artifact id: '9f5dcfdf3d8710acccdd888872da36fe') in 0.038740 seconds 
========================================================================
Received Import Request.
  Time since last request: 0.000033 seconds.
  path: Assets/Tiles/12.asset
  artifactKey: Guid(969b5980f5aad3c4c970f2700aff6c9c) Importer(815301076,1909f56bfc062723c751e8b465ee728b)
Start importing Assets/Tiles/12.asset using Guid(969b5980f5aad3c4c970f2700aff6c9c) Importer(815301076,1909f56bfc062723c751e8b465ee728b)  -> (artifact id: '4aa055fc6a57e595011d5ef43c8cf410') in 0.037134 seconds 
Editor requested this worker to shutdown with reason: Scaling down because of idle timeout
AssetImportWorker is now disconnected from the server
Process exiting
Exiting without the bug reporter. Application will terminate with return code 0